<?xml version="1.0" encoding="UTF-8"?>
<!-- Generated by org.testng.reporters.JUnitXMLReporter -->
<testsuite hostname="LAPTOP-B2E4UK46" ignored="0" name="Test" tests="3" failures="0" timestamp="28 Oct 2022 15:48:44 GMT" time="47.934" errors="0">
  <testcase name="singUp" time="21.388" classname="org.testng.DataProvoideFrameIntegr"/>
  <testcase name="singUp" time="10.627" classname="org.testng.DataProvoideFrameIntegr"/>
  <testcase name="singUp" time="15.775" classname="org.testng.DataProvoideFrameIntegr"/>
</testsuite> <!-- Test -->
