<?xml version="1.0" encoding="UTF-8"?>
<!-- Generated by org.testng.reporters.JUnitXMLReporter -->
<testsuite hostname="LAPTOP-B2E4UK46" ignored="0" name="Test1" tests="6" failures="0" timestamp="27 Oct 2022 12:48:20 GMT" time="0.129" errors="0">
  <testcase name="tc1" time="0.032" classname="org.testng.Test1"/>
  <testcase name="tc2" time="0.0" classname="org.testng.Test1"/>
  <testcase name="tc3" time="0.0" classname="org.testng.Test1"/>
  <testcase name="tc1000" time="0.0" classname="org.testng.Test3"/>
  <testcase name="tc2000" time="0.0" classname="org.testng.Test3"/>
  <testcase name="tc3000" time="0.0" classname="org.testng.Test3"/>
</testsuite> <!-- Test1 -->
