<?xml version="1.0" encoding="UTF-8"?>
<testng-results skipped="0" failed="0" ignored="0" total="3" passed="3">
  <reporter-output>
  </reporter-output>
  <suite name="Default suite" duration-ms="132" started-at="2022-11-04T09:07:49Z" finished-at="2022-11-04T09:07:49Z">
    <groups>
    </groups>
    <test name="Default test" duration-ms="132" started-at="2022-11-04T09:07:49Z" finished-at="2022-11-04T09:07:49Z">
      <class name="org.testng.Test1">
        <test-method status="PASS" signature="tc1()[pri:-2, instance:org.testng.Test1@7e0b0338]" name="tc1" duration-ms="27" started-at="2022-11-04T09:07:49Z" finished-at="2022-11-04T09:07:49Z">
          <reporter-output>
          </reporter-output>
        </test-method> <!-- tc1 -->
        <test-method status="PASS" signature="tc2()[pri:-1, instance:org.testng.Test1@7e0b0338]" name="tc2" duration-ms="3" started-at="2022-11-04T09:07:49Z" finished-at="2022-11-04T09:07:49Z">
          <reporter-output>
          </reporter-output>
        </test-method> <!-- tc2 -->
        <test-method status="PASS" signature="tc3()[pri:0, instance:org.testng.Test1@7e0b0338]" name="tc3" duration-ms="2" started-at="2022-11-04T09:07:49Z" finished-at="2022-11-04T09:07:49Z">
          <reporter-output>
          </reporter-output>
        </test-method> <!-- tc3 -->
      </class> <!-- org.testng.Test1 -->
    </test> <!-- Default test -->
  </suite> <!-- Default suite -->
</testng-results>
